Address bits: 32
Block size: 8
Cache sets: 32
Associativity: 4

Offset bit count: 3
Indexing bit count: 5
Indexing bits:  26 11 31 30 29

.benchmark testcase1
00100100000000000010110000000000 miss
00100000000000000010000000000000 miss
00100100000000000010110000000000 hit
00100000000000000010000000000000 hit
00100100000000000010000000000000 miss
00100000000000000010110000000000 miss
11010010011011000010000100110000 miss
00100100000000000010000000000000 hit
00100000000000000010110000000000 hit
11010010011011000010000100110001 miss
11010010011011000010000100110000 hit
.end

Total cache miss count: 6
